@!@!@STARTMSG 2262:0 @!@!@
TLC2 Version 2.16 of 31 December 2020 (rev: cdddf55)
@!@!@ENDMSG 2262 @!@!@
@!@!@STARTMSG 2187:0 @!@!@
Running breadth-first search Model-Checking with fp 93 and seed 7751477929575295734 with 2 workers on 4 cores with 608MB heap and 1365MB offheap memory [pid: 76986] (Mac OS X 10.14.6 x86_64, AdoptOpenJDK 14.0.1 x86_64, OffHeapDiskFPSet, DiskStateQueue).
@!@!@ENDMSG 2187 @!@!@
@!@!@STARTMSG 2220:0 @!@!@
Starting SANY...
@!@!@ENDMSG 2220 @!@!@
Parsing file /Users/asialucchi/Documents/Magistrale/II sem/Concorrente/Assignment1/TLA/Untitled.toolbox/Model_1/MC.tla
Parsing file /Users/asialucchi/Documents/Magistrale/II sem/Concorrente/Assignment1/TLA/Untitled.toolbox/Model_1/Untitled.tla
Warning: symbols were renamed.
Parsing file /Applications/TLA+ Toolbox.app/Contents/Eclipse/plugins/org.lamport.tlatools_1.0.0.202012311918/tla2sany/StandardModules/TLC.tla
Parsing file /Applications/TLA+ Toolbox.app/Contents/Eclipse/plugins/org.lamport.tlatools_1.0.0.202012311918/tla2sany/StandardModules/Integers.tla
Parsing file /Applications/TLA+ Toolbox.app/Contents/Eclipse/plugins/org.lamport.tlatools_1.0.0.202012311918/tla2sany/StandardModules/Sequences.tla
Parsing file /Applications/TLA+ Toolbox.app/Contents/Eclipse/plugins/org.lamport.tlatools_1.0.0.202012311918/tla2sany/StandardModules/Naturals.tla
Parsing file /Applications/TLA+ Toolbox.app/Contents/Eclipse/plugins/org.lamport.tlatools_1.0.0.202012311918/tla2sany/StandardModules/FiniteSets.tla
Semantic processing of module Naturals
Semantic processing of module Sequences
Semantic processing of module FiniteSets
Semantic processing of module TLC
Semantic processing of module Integers
Semantic processing of module Untitled
Semantic processing of module MC
@!@!@STARTMSG 2219:0 @!@!@
SANY finished.
@!@!@ENDMSG 2219 @!@!@
@!@!@STARTMSG 2185:0 @!@!@
Starting... (2021-04-02 15:56:24)
@!@!@ENDMSG 2185 @!@!@
@!@!@STARTMSG 2212:0 @!@!@
Implied-temporal checking--satisfiability problem has 1 branches.
@!@!@ENDMSG 2212 @!@!@
@!@!@STARTMSG 2189:0 @!@!@
Computing initial states...
@!@!@ENDMSG 2189 @!@!@
@!@!@STARTMSG 2190:0 @!@!@
Finished computing initial states: 1 distinct state generated at 2021-04-02 15:56:27.
@!@!@ENDMSG 2190 @!@!@
@!@!@STARTMSG 2114:1 @!@!@
Deadlock reached.
@!@!@ENDMSG 2114 @!@!@
@!@!@STARTMSG 2121:1 @!@!@
The behavior up to this point is:
@!@!@ENDMSG 2121 @!@!@
@!@!@STARTMSG 2217:4 @!@!@
1: <Initial predicate>
/\ item_ = [up1 |-> "", up2 |-> ""]
/\ canUpdate = 1
/\ printed = 0
/\ pc = [up1 |-> "updating", up2 |-> "updating", get1 |-> "getting", get2 |-> "getting"]
/\ item = [get1 |-> "none", get2 |-> "none"]
/\ queue = <<>>
/\ updatesToDo = 10

@!@!@ENDMSG 2217 @!@!@
@!@!@STARTMSG 2217:4 @!@!@
2: <updating line 70, col 19 to line 75, col 48 of module Untitled>
/\ item_ = [up1 |-> "", up2 |-> ""]
/\ canUpdate = 1
/\ printed = 0
/\ pc = [up1 |-> "request_", up2 |-> "updating", get1 |-> "getting", get2 |-> "getting"]
/\ item = [get1 |-> "none", get2 |-> "none"]
/\ queue = <<>>
/\ updatesToDo = 10

@!@!@ENDMSG 2217 @!@!@
@!@!@STARTMSG 2217:4 @!@!@
3: <request_ line 77, col 19 to line 81, col 81 of module Untitled>
/\ item_ = [up1 |-> "", up2 |-> ""]
/\ canUpdate = 1
/\ printed = 0
/\ pc = [up1 |-> "release_", up2 |-> "updating", get1 |-> "getting", get2 |-> "getting"]
/\ item = [get1 |-> "none", get2 |-> "none"]
/\ queue = <<"">>
/\ updatesToDo = 10

@!@!@ENDMSG 2217 @!@!@
@!@!@STARTMSG 2217:4 @!@!@
4: <release_ line 83, col 19 to line 88, col 68 of module Untitled>
/\ item_ = [up1 |-> "", up2 |-> ""]
/\ canUpdate = 1
/\ printed = 0
/\ pc = [up1 |-> "updating", up2 |-> "updating", get1 |-> "getting", get2 |-> "getting"]
/\ item = [get1 |-> "none", get2 |-> "none"]
/\ queue = <<"">>
/\ updatesToDo = 9

@!@!@ENDMSG 2217 @!@!@
@!@!@STARTMSG 2217:4 @!@!@
5: <updating line 70, col 19 to line 75, col 48 of module Untitled>
/\ item_ = [up1 |-> "", up2 |-> ""]
/\ canUpdate = 1
/\ printed = 0
/\ pc = [up1 |-> "request_", up2 |-> "updating", get1 |-> "getting", get2 |-> "getting"]
/\ item = [get1 |-> "none", get2 |-> "none"]
/\ queue = <<"">>
/\ updatesToDo = 9

@!@!@ENDMSG 2217 @!@!@
@!@!@STARTMSG 2217:4 @!@!@
6: <request_ line 77, col 19 to line 81, col 81 of module Untitled>
/\ item_ = [up1 |-> "", up2 |-> ""]
/\ canUpdate = 1
/\ printed = 0
/\ pc = [up1 |-> "release_", up2 |-> "updating", get1 |-> "getting", get2 |-> "getting"]
/\ item = [get1 |-> "none", get2 |-> "none"]
/\ queue = <<"", "">>
/\ updatesToDo = 9

@!@!@ENDMSG 2217 @!@!@
@!@!@STARTMSG 2217:4 @!@!@
7: <release_ line 83, col 19 to line 88, col 68 of module Untitled>
/\ item_ = [up1 |-> "", up2 |-> ""]
/\ canUpdate = 1
/\ printed = 0
/\ pc = [up1 |-> "updating", up2 |-> "updating", get1 |-> "getting", get2 |-> "getting"]
/\ item = [get1 |-> "none", get2 |-> "none"]
/\ queue = <<"", "">>
/\ updatesToDo = 8

@!@!@ENDMSG 2217 @!@!@
@!@!@STARTMSG 2217:4 @!@!@
8: <updating line 70, col 19 to line 75, col 48 of module Untitled>
/\ item_ = [up1 |-> "", up2 |-> ""]
/\ canUpdate = 1
/\ printed = 0
/\ pc = [up1 |-> "updating", up2 |-> "request_", get1 |-> "getting", get2 |-> "getting"]
/\ item = [get1 |-> "none", get2 |-> "none"]
/\ queue = <<"", "">>
/\ updatesToDo = 8

@!@!@ENDMSG 2217 @!@!@
@!@!@STARTMSG 2217:4 @!@!@
9: <updating line 70, col 19 to line 75, col 48 of module Untitled>
/\ item_ = [up1 |-> "", up2 |-> ""]
/\ canUpdate = 1
/\ printed = 0
/\ pc = [up1 |-> "request_", up2 |-> "request_", get1 |-> "getting", get2 |-> "getting"]
/\ item = [get1 |-> "none", get2 |-> "none"]
/\ queue = <<"", "">>
/\ updatesToDo = 8

@!@!@ENDMSG 2217 @!@!@
@!@!@STARTMSG 2217:4 @!@!@
10: <request_ line 77, col 19 to line 81, col 81 of module Untitled>
/\ item_ = [up1 |-> "", up2 |-> ""]
/\ canUpdate = 1
/\ printed = 0
/\ pc = [up1 |-> "release_", up2 |-> "request_", get1 |-> "getting", get2 |-> "getting"]
/\ item = [get1 |-> "none", get2 |-> "none"]
/\ queue = <<"", "", "">>
/\ updatesToDo = 8

@!@!@ENDMSG 2217 @!@!@
@!@!@STARTMSG 2217:4 @!@!@
11: <release_ line 83, col 19 to line 88, col 68 of module Untitled>
/\ item_ = [up1 |-> "", up2 |-> ""]
/\ canUpdate = 1
/\ printed = 0
/\ pc = [up1 |-> "updating", up2 |-> "request_", get1 |-> "getting", get2 |-> "getting"]
/\ item = [get1 |-> "none", get2 |-> "none"]
/\ queue = <<"", "", "">>
/\ updatesToDo = 7

@!@!@ENDMSG 2217 @!@!@
@!@!@STARTMSG 2217:4 @!@!@
12: <updating line 70, col 19 to line 75, col 48 of module Untitled>
/\ item_ = [up1 |-> "", up2 |-> ""]
/\ canUpdate = 1
/\ printed = 0
/\ pc = [up1 |-> "request_", up2 |-> "request_", get1 |-> "getting", get2 |-> "getting"]
/\ item = [get1 |-> "none", get2 |-> "none"]
/\ queue = <<"", "", "">>
/\ updatesToDo = 7

@!@!@ENDMSG 2217 @!@!@
@!@!@STARTMSG 2217:4 @!@!@
13: <request_ line 77, col 19 to line 81, col 81 of module Untitled>
/\ item_ = [up1 |-> "", up2 |-> ""]
/\ canUpdate = 1
/\ printed = 0
/\ pc = [up1 |-> "release_", up2 |-> "request_", get1 |-> "getting", get2 |-> "getting"]
/\ item = [get1 |-> "none", get2 |-> "none"]
/\ queue = <<"", "", "", "">>
/\ updatesToDo = 7

@!@!@ENDMSG 2217 @!@!@
@!@!@STARTMSG 2217:4 @!@!@
14: <release_ line 83, col 19 to line 88, col 68 of module Untitled>
/\ item_ = [up1 |-> "", up2 |-> ""]
/\ canUpdate = 1
/\ printed = 0
/\ pc = [up1 |-> "updating", up2 |-> "request_", get1 |-> "getting", get2 |-> "getting"]
/\ item = [get1 |-> "none", get2 |-> "none"]
/\ queue = <<"", "", "", "">>
/\ updatesToDo = 6

@!@!@ENDMSG 2217 @!@!@
@!@!@STARTMSG 2217:4 @!@!@
15: <updating line 70, col 19 to line 75, col 48 of module Untitled>
/\ item_ = [up1 |-> "", up2 |-> ""]
/\ canUpdate = 1
/\ printed = 0
/\ pc = [up1 |-> "request_", up2 |-> "request_", get1 |-> "getting", get2 |-> "getting"]
/\ item = [get1 |-> "none", get2 |-> "none"]
/\ queue = <<"", "", "", "">>
/\ updatesToDo = 6

@!@!@ENDMSG 2217 @!@!@
@!@!@STARTMSG 2217:4 @!@!@
16: <request_ line 77, col 19 to line 81, col 81 of module Untitled>
/\ item_ = [up1 |-> "", up2 |-> ""]
/\ canUpdate = 1
/\ printed = 0
/\ pc = [up1 |-> "release_", up2 |-> "request_", get1 |-> "getting", get2 |-> "getting"]
/\ item = [get1 |-> "none", get2 |-> "none"]
/\ queue = <<"", "", "", "", "">>
/\ updatesToDo = 6

@!@!@ENDMSG 2217 @!@!@
@!@!@STARTMSG 2217:4 @!@!@
17: <release_ line 83, col 19 to line 88, col 68 of module Untitled>
/\ item_ = [up1 |-> "", up2 |-> ""]
/\ canUpdate = 1
/\ printed = 0
/\ pc = [up1 |-> "updating", up2 |-> "request_", get1 |-> "getting", get2 |-> "getting"]
/\ item = [get1 |-> "none", get2 |-> "none"]
/\ queue = <<"", "", "", "", "">>
/\ updatesToDo = 5

@!@!@ENDMSG 2217 @!@!@
@!@!@STARTMSG 2217:4 @!@!@
18: <updating line 70, col 19 to line 75, col 48 of module Untitled>
/\ item_ = [up1 |-> "", up2 |-> ""]
/\ canUpdate = 1
/\ printed = 0
/\ pc = [up1 |-> "request_", up2 |-> "request_", get1 |-> "getting", get2 |-> "getting"]
/\ item = [get1 |-> "none", get2 |-> "none"]
/\ queue = <<"", "", "", "", "">>
/\ updatesToDo = 5

@!@!@ENDMSG 2217 @!@!@
@!@!@STARTMSG 2217:4 @!@!@
19: <request_ line 77, col 19 to line 81, col 81 of module Untitled>
/\ item_ = [up1 |-> "", up2 |-> ""]
/\ canUpdate = 1
/\ printed = 0
/\ pc = [up1 |-> "release_", up2 |-> "request_", get1 |-> "getting", get2 |-> "getting"]
/\ item = [get1 |-> "none", get2 |-> "none"]
/\ queue = <<"", "", "", "", "", "">>
/\ updatesToDo = 5

@!@!@ENDMSG 2217 @!@!@
@!@!@STARTMSG 2217:4 @!@!@
20: <release_ line 83, col 19 to line 88, col 68 of module Untitled>
/\ item_ = [up1 |-> "", up2 |-> ""]
/\ canUpdate = 1
/\ printed = 0
/\ pc = [up1 |-> "updating", up2 |-> "request_", get1 |-> "getting", get2 |-> "getting"]
/\ item = [get1 |-> "none", get2 |-> "none"]
/\ queue = <<"", "", "", "", "", "">>
/\ updatesToDo = 4

@!@!@ENDMSG 2217 @!@!@
@!@!@STARTMSG 2217:4 @!@!@
21: <updating line 70, col 19 to line 75, col 48 of module Untitled>
/\ item_ = [up1 |-> "", up2 |-> ""]
/\ canUpdate = 1
/\ printed = 0
/\ pc = [up1 |-> "request_", up2 |-> "request_", get1 |-> "getting", get2 |-> "getting"]
/\ item = [get1 |-> "none", get2 |-> "none"]
/\ queue = <<"", "", "", "", "", "">>
/\ updatesToDo = 4

@!@!@ENDMSG 2217 @!@!@
@!@!@STARTMSG 2217:4 @!@!@
22: <request_ line 77, col 19 to line 81, col 81 of module Untitled>
/\ item_ = [up1 |-> "", up2 |-> ""]
/\ canUpdate = 1
/\ printed = 0
/\ pc = [up1 |-> "release_", up2 |-> "request_", get1 |-> "getting", get2 |-> "getting"]
/\ item = [get1 |-> "none", get2 |-> "none"]
/\ queue = <<"", "", "", "", "", "", "">>
/\ updatesToDo = 4

@!@!@ENDMSG 2217 @!@!@
@!@!@STARTMSG 2217:4 @!@!@
23: <release_ line 83, col 19 to line 88, col 68 of module Untitled>
/\ item_ = [up1 |-> "", up2 |-> ""]
/\ canUpdate = 1
/\ printed = 0
/\ pc = [up1 |-> "updating", up2 |-> "request_", get1 |-> "getting", get2 |-> "getting"]
/\ item = [get1 |-> "none", get2 |-> "none"]
/\ queue = <<"", "", "", "", "", "", "">>
/\ updatesToDo = 3

@!@!@ENDMSG 2217 @!@!@
@!@!@STARTMSG 2217:4 @!@!@
24: <updating line 70, col 19 to line 75, col 48 of module Untitled>
/\ item_ = [up1 |-> "", up2 |-> ""]
/\ canUpdate = 1
/\ printed = 0
/\ pc = [up1 |-> "request_", up2 |-> "request_", get1 |-> "getting", get2 |-> "getting"]
/\ item = [get1 |-> "none", get2 |-> "none"]
/\ queue = <<"", "", "", "", "", "", "">>
/\ updatesToDo = 3

@!@!@ENDMSG 2217 @!@!@
@!@!@STARTMSG 2217:4 @!@!@
25: <request_ line 77, col 19 to line 81, col 81 of module Untitled>
/\ item_ = [up1 |-> "", up2 |-> ""]
/\ canUpdate = 1
/\ printed = 0
/\ pc = [up1 |-> "release_", up2 |-> "request_", get1 |-> "getting", get2 |-> "getting"]
/\ item = [get1 |-> "none", get2 |-> "none"]
/\ queue = <<"", "", "", "", "", "", "", "">>
/\ updatesToDo = 3

@!@!@ENDMSG 2217 @!@!@
@!@!@STARTMSG 2217:4 @!@!@
26: <release_ line 83, col 19 to line 88, col 68 of module Untitled>
/\ item_ = [up1 |-> "", up2 |-> ""]
/\ canUpdate = 1
/\ printed = 0
/\ pc = [up1 |-> "updating", up2 |-> "request_", get1 |-> "getting", get2 |-> "getting"]
/\ item = [get1 |-> "none", get2 |-> "none"]
/\ queue = <<"", "", "", "", "", "", "", "">>
/\ updatesToDo = 2

@!@!@ENDMSG 2217 @!@!@
@!@!@STARTMSG 2217:4 @!@!@
27: <updating line 70, col 19 to line 75, col 48 of module Untitled>
/\ item_ = [up1 |-> "", up2 |-> ""]
/\ canUpdate = 1
/\ printed = 0
/\ pc = [up1 |-> "request_", up2 |-> "request_", get1 |-> "getting", get2 |-> "getting"]
/\ item = [get1 |-> "none", get2 |-> "none"]
/\ queue = <<"", "", "", "", "", "", "", "">>
/\ updatesToDo = 2

@!@!@ENDMSG 2217 @!@!@
@!@!@STARTMSG 2217:4 @!@!@
28: <request_ line 77, col 19 to line 81, col 81 of module Untitled>
/\ item_ = [up1 |-> "", up2 |-> ""]
/\ canUpdate = 1
/\ printed = 0
/\ pc = [up1 |-> "release_", up2 |-> "request_", get1 |-> "getting", get2 |-> "getting"]
/\ item = [get1 |-> "none", get2 |-> "none"]
/\ queue = <<"", "", "", "", "", "", "", "", "">>
/\ updatesToDo = 2

@!@!@ENDMSG 2217 @!@!@
@!@!@STARTMSG 2217:4 @!@!@
29: <release_ line 83, col 19 to line 88, col 68 of module Untitled>
/\ item_ = [up1 |-> "", up2 |-> ""]
/\ canUpdate = 1
/\ printed = 0
/\ pc = [up1 |-> "updating", up2 |-> "request_", get1 |-> "getting", get2 |-> "getting"]
/\ item = [get1 |-> "none", get2 |-> "none"]
/\ queue = <<"", "", "", "", "", "", "", "", "">>
/\ updatesToDo = 1

@!@!@ENDMSG 2217 @!@!@
@!@!@STARTMSG 2217:4 @!@!@
30: <request_ line 77, col 19 to line 81, col 81 of module Untitled>
/\ item_ = [up1 |-> "", up2 |-> ""]
/\ canUpdate = 1
/\ printed = 0
/\ pc = [up1 |-> "updating", up2 |-> "release_", get1 |-> "getting", get2 |-> "getting"]
/\ item = [get1 |-> "none", get2 |-> "none"]
/\ queue = <<"", "", "", "", "", "", "", "", "", "">>
/\ updatesToDo = 1

@!@!@ENDMSG 2217 @!@!@
@!@!@STARTMSG 2217:4 @!@!@
31: <release_ line 83, col 19 to line 88, col 68 of module Untitled>
/\ item_ = [up1 |-> "", up2 |-> ""]
/\ canUpdate = 1
/\ printed = 0
/\ pc = [up1 |-> "updating", up2 |-> "updating", get1 |-> "getting", get2 |-> "getting"]
/\ item = [get1 |-> "none", get2 |-> "none"]
/\ queue = <<"", "", "", "", "", "", "", "", "", "">>
/\ updatesToDo = 0

@!@!@ENDMSG 2217 @!@!@
@!@!@STARTMSG 2217:4 @!@!@
32: <updating line 70, col 19 to line 75, col 48 of module Untitled>
/\ item_ = [up1 |-> "", up2 |-> ""]
/\ canUpdate = 1
/\ printed = 0
/\ pc = [up1 |-> "Done", up2 |-> "updating", get1 |-> "getting", get2 |-> "getting"]
/\ item = [get1 |-> "none", get2 |-> "none"]
/\ queue = <<"", "", "", "", "", "", "", "", "", "">>
/\ updatesToDo = 0

@!@!@ENDMSG 2217 @!@!@
@!@!@STARTMSG 2217:4 @!@!@
33: <updating line 70, col 19 to line 75, col 48 of module Untitled>
/\ item_ = [up1 |-> "", up2 |-> ""]
/\ canUpdate = 1
/\ printed = 0
/\ pc = [up1 |-> "Done", up2 |-> "Done", get1 |-> "getting", get2 |-> "getting"]
/\ item = [get1 |-> "none", get2 |-> "none"]
/\ queue = <<"", "", "", "", "", "", "", "", "", "">>
/\ updatesToDo = 0

@!@!@ENDMSG 2217 @!@!@
@!@!@STARTMSG 2217:4 @!@!@
34: <getting line 92, col 18 to line 95, col 40 of module Untitled>
/\ item_ = [up1 |-> "", up2 |-> ""]
/\ canUpdate = 1
/\ printed = 0
/\ pc = [up1 |-> "Done", up2 |-> "Done", get1 |-> "request", get2 |-> "getting"]
/\ item = [get1 |-> "none", get2 |-> "none"]
/\ queue = <<"", "", "", "", "", "", "", "", "", "">>
/\ updatesToDo = 0

@!@!@ENDMSG 2217 @!@!@
@!@!@STARTMSG 2217:4 @!@!@
35: <getting line 92, col 18 to line 95, col 40 of module Untitled>
/\ item_ = [up1 |-> "", up2 |-> ""]
/\ canUpdate = 1
/\ printed = 0
/\ pc = [up1 |-> "Done", up2 |-> "Done", get1 |-> "request", get2 |-> "request"]
/\ item = [get1 |-> "none", get2 |-> "none"]
/\ queue = <<"", "", "", "", "", "", "", "", "", "">>
/\ updatesToDo = 0

@!@!@ENDMSG 2217 @!@!@
@!@!@STARTMSG 2201:0 @!@!@
The coverage statistics at 2021-04-02 15:56:27
@!@!@ENDMSG 2201 @!@!@
@!@!@STARTMSG 2773:0 @!@!@
<Init line 58, col 1 to line 58, col 4 of module Untitled>: 2:2
@!@!@ENDMSG 2773 @!@!@
@!@!@STARTMSG 2221:0 @!@!@
  line 59, col 9 to line 68, col 84 of module Untitled: 2
@!@!@ENDMSG 2221 @!@!@
@!@!@STARTMSG 2772:0 @!@!@
<updating line 70, col 1 to line 70, col 14 of module Untitled>: 148:851
@!@!@ENDMSG 2772 @!@!@
@!@!@STARTMSG 2221:0 @!@!@
  line 70, col 22 to line 70, col 42 of module Untitled: 3315
@!@!@ENDMSG 2221 @!@!@
@!@!@STARTMSG 2221:0 @!@!@
  |line 70, col 22 to line 70, col 29 of module Untitled: 2464
@!@!@ENDMSG 2221 @!@!@
@!@!@STARTMSG 2221:0 @!@!@
  line 71, col 25 to line 71, col 39 of module Untitled: 851
@!@!@ENDMSG 2221 @!@!@
@!@!@STARTMSG 2221:0 @!@!@
  line 72, col 30 to line 72, col 70 of module Untitled: 753
@!@!@ENDMSG 2221 @!@!@
@!@!@STARTMSG 2221:0 @!@!@
  line 73, col 30 to line 73, col 66 of module Untitled: 98
@!@!@ENDMSG 2221 @!@!@
@!@!@STARTMSG 2221:0 @!@!@
  line 74, col 22 to line 75, col 48 of module Untitled: 851
@!@!@ENDMSG 2221 @!@!@
@!@!@STARTMSG 2772:0 @!@!@
<request_ line 77, col 1 to line 77, col 14 of module Untitled>: 155:764
@!@!@ENDMSG 2772 @!@!@
@!@!@STARTMSG 2221:0 @!@!@
  line 77, col 22 to line 77, col 42 of module Untitled: 3216
@!@!@ENDMSG 2221 @!@!@
@!@!@STARTMSG 2221:0 @!@!@
  |line 77, col 22 to line 77, col 29 of module Untitled: 2452
@!@!@ENDMSG 2221 @!@!@
@!@!@STARTMSG 2221:0 @!@!@
  line 78, col 22 to line 78, col 34 of module Untitled: 1548
@!@!@ENDMSG 2221 @!@!@
@!@!@STARTMSG 2221:0 @!@!@
  |line 78, col 22 to line 78, col 30 of module Untitled: 784
@!@!@ENDMSG 2221 @!@!@
@!@!@STARTMSG 2221:0 @!@!@
  line 79, col 22 to line 79, col 56 of module Untitled: 764
@!@!@ENDMSG 2221 @!@!@
@!@!@STARTMSG 2221:0 @!@!@
  line 80, col 22 to line 80, col 59 of module Untitled: 764
@!@!@ENDMSG 2221 @!@!@
@!@!@STARTMSG 2221:0 @!@!@
  line 81, col 22 to line 81, col 81 of module Untitled: 764
@!@!@ENDMSG 2221 @!@!@
@!@!@STARTMSG 2772:0 @!@!@
<release_ line 83, col 1 to line 83, col 14 of module Untitled>: 151:750
@!@!@ENDMSG 2772 @!@!@
@!@!@STARTMSG 2221:0 @!@!@
  line 83, col 22 to line 83, col 42 of module Untitled: 3192
@!@!@ENDMSG 2221 @!@!@
@!@!@STARTMSG 2221:0 @!@!@
  |line 83, col 22 to line 83, col 29 of module Untitled: 2442
@!@!@ENDMSG 2221 @!@!@
@!@!@STARTMSG 2221:0 @!@!@
  line 84, col 22 to line 84, col 34 of module Untitled: 1500
@!@!@ENDMSG 2221 @!@!@
@!@!@STARTMSG 2221:0 @!@!@
  |line 84, col 22 to line 84, col 30 of module Untitled: 750
@!@!@ENDMSG 2221 @!@!@
@!@!@STARTMSG 2221:0 @!@!@
  line 85, col 22 to line 85, col 66 of module Untitled: 750
@!@!@ENDMSG 2221 @!@!@
@!@!@STARTMSG 2221:0 @!@!@
  line 86, col 22 to line 86, col 51 of module Untitled: 750
@!@!@ENDMSG 2221 @!@!@
@!@!@STARTMSG 2221:0 @!@!@
  line 87, col 22 to line 87, col 59 of module Untitled: 750
@!@!@ENDMSG 2221 @!@!@
@!@!@STARTMSG 2221:0 @!@!@
  line 88, col 22 to line 88, col 68 of module Untitled: 750
@!@!@ENDMSG 2221 @!@!@
@!@!@STARTMSG 2772:0 @!@!@
<getting line 92, col 1 to line 92, col 13 of module Untitled>: 763:1030
@!@!@ENDMSG 2772 @!@!@
@!@!@STARTMSG 2221:0 @!@!@
  line 92, col 21 to line 92, col 40 of module Untitled: 3457
@!@!@ENDMSG 2221 @!@!@
@!@!@STARTMSG 2221:0 @!@!@
  |line 92, col 21 to line 92, col 28 of module Untitled: 2427
@!@!@ENDMSG 2221 @!@!@
@!@!@STARTMSG 2221:0 @!@!@
  line 93, col 21 to line 93, col 57 of module Untitled: 1030
@!@!@ENDMSG 2221 @!@!@
@!@!@STARTMSG 2221:0 @!@!@
  line 94, col 21 to line 95, col 40 of module Untitled: 1030
@!@!@ENDMSG 2221 @!@!@
@!@!@STARTMSG 2772:0 @!@!@
<request line 97, col 1 to line 97, col 13 of module Untitled>: 14:48
@!@!@ENDMSG 2772 @!@!@
@!@!@STARTMSG 2221:0 @!@!@
  line 97, col 21 to line 97, col 40 of module Untitled: 2473
@!@!@ENDMSG 2221 @!@!@
@!@!@STARTMSG 2221:0 @!@!@
  |line 97, col 21 to line 97, col 28 of module Untitled: 2425
@!@!@ENDMSG 2221 @!@!@
@!@!@STARTMSG 2221:0 @!@!@
  line 98, col 21 to line 98, col 32 of module Untitled: 1051
@!@!@ENDMSG 2221 @!@!@
@!@!@STARTMSG 2221:0 @!@!@
  |line 98, col 21 to line 98, col 25 of module Untitled: 1003
@!@!@ENDMSG 2221 @!@!@
@!@!@STARTMSG 2221:0 @!@!@
  |line 98, col 29 to line 98, col 32 of module Untitled: 1003
@!@!@ENDMSG 2221 @!@!@
@!@!@STARTMSG 2221:0 @!@!@
  line 99, col 21 to line 99, col 34 of module Untitled: 48
@!@!@ENDMSG 2221 @!@!@
@!@!@STARTMSG 2221:0 @!@!@
  line 100, col 21 to line 100, col 32 of module Untitled: 48
@!@!@ENDMSG 2221 @!@!@
@!@!@STARTMSG 2221:0 @!@!@
  line 101, col 21 to line 101, col 57 of module Untitled: 48
@!@!@ENDMSG 2221 @!@!@
@!@!@STARTMSG 2221:0 @!@!@
  line 102, col 21 to line 102, col 67 of module Untitled: 48
@!@!@ENDMSG 2221 @!@!@
@!@!@STARTMSG 2772:0 @!@!@
<release line 104, col 1 to line 104, col 13 of module Untitled>: 13:394
@!@!@ENDMSG 2772 @!@!@
@!@!@STARTMSG 2221:0 @!@!@
  line 104, col 21 to line 104, col 40 of module Untitled: 2819
@!@!@ENDMSG 2221 @!@!@
@!@!@STARTMSG 2221:0 @!@!@
  |line 104, col 21 to line 104, col 28 of module Untitled: 2425
@!@!@ENDMSG 2221 @!@!@
@!@!@STARTMSG 2221:0 @!@!@
  line 105, col 21 to line 105, col 34 of module Untitled: 394
@!@!@ENDMSG 2221 @!@!@
@!@!@STARTMSG 2221:0 @!@!@
  line 106, col 21 to line 106, col 57 of module Untitled: 394
@!@!@ENDMSG 2221 @!@!@
@!@!@STARTMSG 2221:0 @!@!@
  line 107, col 21 to line 107, col 76 of module Untitled: 394
@!@!@ENDMSG 2221 @!@!@
@!@!@STARTMSG 2202:0 @!@!@
End of statistics.
@!@!@ENDMSG 2202 @!@!@
@!@!@STARTMSG 2200:0 @!@!@
Progress(38) at 2021-04-02 15:56:27: 3.801 states generated (42.202 s/min), 1.245 distinct states found (13.823 ds/min), 33 states left on queue.
@!@!@ENDMSG 2200 @!@!@
@!@!@STARTMSG 2199:0 @!@!@
3801 states generated, 1245 distinct states found, 33 states left on queue.
@!@!@ENDMSG 2199 @!@!@
@!@!@STARTMSG 2194:0 @!@!@
The depth of the complete state graph search is 38.
@!@!@ENDMSG 2194 @!@!@
@!@!@STARTMSG 2268:0 @!@!@
The average outdegree of the complete state graph is 1 (minimum is 0, the maximum 4 and the 95th percentile is 4).
@!@!@ENDMSG 2268 @!@!@
@!@!@STARTMSG 2186:0 @!@!@
Finished in 5423ms at (2021-04-02 15:56:27)
@!@!@ENDMSG 2186 @!@!@
