@!@!@STARTMSG 2262:0 @!@!@
TLC2 Version 2.16 of 31 December 2020 (rev: cdddf55)
@!@!@ENDMSG 2262 @!@!@
@!@!@STARTMSG 2187:0 @!@!@
Running breadth-first search Model-Checking with fp 130 and seed 2352749793583698417 with 2 workers on 4 cores with 608MB heap and 1365MB offheap memory [pid: 80509] (Mac OS X 10.14.6 x86_64, AdoptOpenJDK 14.0.1 x86_64, OffHeapDiskFPSet, DiskStateQueue).
@!@!@ENDMSG 2187 @!@!@
@!@!@STARTMSG 2220:0 @!@!@
Starting SANY...
@!@!@ENDMSG 2220 @!@!@
Parsing file /Users/asialucchi/Documents/Magistrale/II sem/Concorrente/Assignment1/TLA/Untitled.toolbox/Model_1/MC.tla
Parsing file /Users/asialucchi/Documents/Magistrale/II sem/Concorrente/Assignment1/TLA/Untitled.toolbox/Model_1/Untitled.tla
Warning: symbols were renamed.
Parsing file /Applications/TLA+ Toolbox.app/Contents/Eclipse/plugins/org.lamport.tlatools_1.0.0.202012311918/tla2sany/StandardModules/TLC.tla
Parsing file /Applications/TLA+ Toolbox.app/Contents/Eclipse/plugins/org.lamport.tlatools_1.0.0.202012311918/tla2sany/StandardModules/Integers.tla
Parsing file /Applications/TLA+ Toolbox.app/Contents/Eclipse/plugins/org.lamport.tlatools_1.0.0.202012311918/tla2sany/StandardModules/Sequences.tla
Parsing file /Applications/TLA+ Toolbox.app/Contents/Eclipse/plugins/org.lamport.tlatools_1.0.0.202012311918/tla2sany/StandardModules/Naturals.tla
Parsing file /Applications/TLA+ Toolbox.app/Contents/Eclipse/plugins/org.lamport.tlatools_1.0.0.202012311918/tla2sany/StandardModules/FiniteSets.tla
Semantic processing of module Naturals
Semantic processing of module Sequences
Semantic processing of module FiniteSets
Semantic processing of module TLC
Semantic processing of module Integers
Semantic processing of module Untitled
Semantic processing of module MC
@!@!@STARTMSG 2219:0 @!@!@
SANY finished.
@!@!@ENDMSG 2219 @!@!@
@!@!@STARTMSG 2185:0 @!@!@
Starting... (2021-04-06 09:11:13)
@!@!@ENDMSG 2185 @!@!@
@!@!@STARTMSG 2212:0 @!@!@
Implied-temporal checking--satisfiability problem has 1 branches.
@!@!@ENDMSG 2212 @!@!@
@!@!@STARTMSG 2189:0 @!@!@
Computing initial states...
@!@!@ENDMSG 2189 @!@!@
@!@!@STARTMSG 2190:0 @!@!@
Finished computing initial states: 1 distinct state generated at 2021-04-06 09:11:16.
@!@!@ENDMSG 2190 @!@!@
@!@!@STARTMSG 2114:1 @!@!@
Deadlock reached.
@!@!@ENDMSG 2114 @!@!@
@!@!@STARTMSG 2121:1 @!@!@
The behavior up to this point is:
@!@!@ENDMSG 2121 @!@!@
@!@!@STARTMSG 2217:4 @!@!@
1: <Initial predicate>
/\ item_ = [up1 |-> "item", up2 |-> "item"]
/\ canUpdate = 1
/\ printed = 0
/\ pc = [up1 |-> "updating", up2 |-> "updating", get1 |-> "getting", get2 |-> "getting"]
/\ item = [get1 |-> "none", get2 |-> "none"]
/\ queue = <<>>
/\ updatesToDo = 10

@!@!@ENDMSG 2217 @!@!@
@!@!@STARTMSG 2217:4 @!@!@
2: <updating line 67, col 19 to line 72, col 48 of module Untitled>
/\ item_ = [up1 |-> "item", up2 |-> "item"]
/\ canUpdate = 1
/\ printed = 0
/\ pc = [ up1 |-> "requestUpdate",
  up2 |-> "updating",
  get1 |-> "getting",
  get2 |-> "getting" ]
/\ item = [get1 |-> "none", get2 |-> "none"]
/\ queue = <<>>
/\ updatesToDo = 10

@!@!@ENDMSG 2217 @!@!@
@!@!@STARTMSG 2217:4 @!@!@
3: <requestUpdate line 74, col 24 to line 79, col 46 of module Untitled>
/\ item_ = [up1 |-> "item", up2 |-> "item"]
/\ canUpdate = 1
/\ printed = 0
/\ pc = [ up1 |-> "releaseUpdate",
  up2 |-> "updating",
  get1 |-> "getting",
  get2 |-> "getting" ]
/\ item = [get1 |-> "none", get2 |-> "none"]
/\ queue = <<"item">>
/\ updatesToDo = 10

@!@!@ENDMSG 2217 @!@!@
@!@!@STARTMSG 2217:4 @!@!@
4: <releaseUpdate line 81, col 24 to line 85, col 73 of module Untitled>
/\ item_ = [up1 |-> "item", up2 |-> "item"]
/\ canUpdate = 1
/\ printed = 0
/\ pc = [up1 |-> "updating", up2 |-> "updating", get1 |-> "getting", get2 |-> "getting"]
/\ item = [get1 |-> "none", get2 |-> "none"]
/\ queue = <<"item">>
/\ updatesToDo = 9

@!@!@ENDMSG 2217 @!@!@
@!@!@STARTMSG 2217:4 @!@!@
5: <updating line 67, col 19 to line 72, col 48 of module Untitled>
/\ item_ = [up1 |-> "item", up2 |-> "item"]
/\ canUpdate = 1
/\ printed = 0
/\ pc = [ up1 |-> "requestUpdate",
  up2 |-> "updating",
  get1 |-> "getting",
  get2 |-> "getting" ]
/\ item = [get1 |-> "none", get2 |-> "none"]
/\ queue = <<"item">>
/\ updatesToDo = 9

@!@!@ENDMSG 2217 @!@!@
@!@!@STARTMSG 2217:4 @!@!@
6: <requestUpdate line 74, col 24 to line 79, col 46 of module Untitled>
/\ item_ = [up1 |-> "item", up2 |-> "item"]
/\ canUpdate = 1
/\ printed = 0
/\ pc = [ up1 |-> "releaseUpdate",
  up2 |-> "updating",
  get1 |-> "getting",
  get2 |-> "getting" ]
/\ item = [get1 |-> "none", get2 |-> "none"]
/\ queue = <<"item", "item">>
/\ updatesToDo = 9

@!@!@ENDMSG 2217 @!@!@
@!@!@STARTMSG 2217:4 @!@!@
7: <releaseUpdate line 81, col 24 to line 85, col 73 of module Untitled>
/\ item_ = [up1 |-> "item", up2 |-> "item"]
/\ canUpdate = 1
/\ printed = 0
/\ pc = [up1 |-> "updating", up2 |-> "updating", get1 |-> "getting", get2 |-> "getting"]
/\ item = [get1 |-> "none", get2 |-> "none"]
/\ queue = <<"item", "item">>
/\ updatesToDo = 8

@!@!@ENDMSG 2217 @!@!@
@!@!@STARTMSG 2217:4 @!@!@
8: <updating line 67, col 19 to line 72, col 48 of module Untitled>
/\ item_ = [up1 |-> "item", up2 |-> "item"]
/\ canUpdate = 1
/\ printed = 0
/\ pc = [ up1 |-> "requestUpdate",
  up2 |-> "updating",
  get1 |-> "getting",
  get2 |-> "getting" ]
/\ item = [get1 |-> "none", get2 |-> "none"]
/\ queue = <<"item", "item">>
/\ updatesToDo = 8

@!@!@ENDMSG 2217 @!@!@
@!@!@STARTMSG 2217:4 @!@!@
9: <requestUpdate line 74, col 24 to line 79, col 46 of module Untitled>
/\ item_ = [up1 |-> "item", up2 |-> "item"]
/\ canUpdate = 1
/\ printed = 0
/\ pc = [ up1 |-> "releaseUpdate",
  up2 |-> "updating",
  get1 |-> "getting",
  get2 |-> "getting" ]
/\ item = [get1 |-> "none", get2 |-> "none"]
/\ queue = <<"item", "item", "item">>
/\ updatesToDo = 8

@!@!@ENDMSG 2217 @!@!@
@!@!@STARTMSG 2217:4 @!@!@
10: <releaseUpdate line 81, col 24 to line 85, col 73 of module Untitled>
/\ item_ = [up1 |-> "item", up2 |-> "item"]
/\ canUpdate = 1
/\ printed = 0
/\ pc = [up1 |-> "updating", up2 |-> "updating", get1 |-> "getting", get2 |-> "getting"]
/\ item = [get1 |-> "none", get2 |-> "none"]
/\ queue = <<"item", "item", "item">>
/\ updatesToDo = 7

@!@!@ENDMSG 2217 @!@!@
@!@!@STARTMSG 2217:4 @!@!@
11: <updating line 67, col 19 to line 72, col 48 of module Untitled>
/\ item_ = [up1 |-> "item", up2 |-> "item"]
/\ canUpdate = 1
/\ printed = 0
/\ pc = [ up1 |-> "updating",
  up2 |-> "requestUpdate",
  get1 |-> "getting",
  get2 |-> "getting" ]
/\ item = [get1 |-> "none", get2 |-> "none"]
/\ queue = <<"item", "item", "item">>
/\ updatesToDo = 7

@!@!@ENDMSG 2217 @!@!@
@!@!@STARTMSG 2217:4 @!@!@
12: <updating line 67, col 19 to line 72, col 48 of module Untitled>
/\ item_ = [up1 |-> "item", up2 |-> "item"]
/\ canUpdate = 1
/\ printed = 0
/\ pc = [ up1 |-> "requestUpdate",
  up2 |-> "requestUpdate",
  get1 |-> "getting",
  get2 |-> "getting" ]
/\ item = [get1 |-> "none", get2 |-> "none"]
/\ queue = <<"item", "item", "item">>
/\ updatesToDo = 7

@!@!@ENDMSG 2217 @!@!@
@!@!@STARTMSG 2217:4 @!@!@
13: <requestUpdate line 74, col 24 to line 79, col 46 of module Untitled>
/\ item_ = [up1 |-> "item", up2 |-> "item"]
/\ canUpdate = 1
/\ printed = 0
/\ pc = [ up1 |-> "releaseUpdate",
  up2 |-> "requestUpdate",
  get1 |-> "getting",
  get2 |-> "getting" ]
/\ item = [get1 |-> "none", get2 |-> "none"]
/\ queue = <<"item", "item", "item", "item">>
/\ updatesToDo = 7

@!@!@ENDMSG 2217 @!@!@
@!@!@STARTMSG 2217:4 @!@!@
14: <releaseUpdate line 81, col 24 to line 85, col 73 of module Untitled>
/\ item_ = [up1 |-> "item", up2 |-> "item"]
/\ canUpdate = 1
/\ printed = 0
/\ pc = [ up1 |-> "updating",
  up2 |-> "requestUpdate",
  get1 |-> "getting",
  get2 |-> "getting" ]
/\ item = [get1 |-> "none", get2 |-> "none"]
/\ queue = <<"item", "item", "item", "item">>
/\ updatesToDo = 6

@!@!@ENDMSG 2217 @!@!@
@!@!@STARTMSG 2217:4 @!@!@
15: <updating line 67, col 19 to line 72, col 48 of module Untitled>
/\ item_ = [up1 |-> "item", up2 |-> "item"]
/\ canUpdate = 1
/\ printed = 0
/\ pc = [ up1 |-> "requestUpdate",
  up2 |-> "requestUpdate",
  get1 |-> "getting",
  get2 |-> "getting" ]
/\ item = [get1 |-> "none", get2 |-> "none"]
/\ queue = <<"item", "item", "item", "item">>
/\ updatesToDo = 6

@!@!@ENDMSG 2217 @!@!@
@!@!@STARTMSG 2217:4 @!@!@
16: <requestUpdate line 74, col 24 to line 79, col 46 of module Untitled>
/\ item_ = [up1 |-> "item", up2 |-> "item"]
/\ canUpdate = 1
/\ printed = 0
/\ pc = [ up1 |-> "requestUpdate",
  up2 |-> "releaseUpdate",
  get1 |-> "getting",
  get2 |-> "getting" ]
/\ item = [get1 |-> "none", get2 |-> "none"]
/\ queue = <<"item", "item", "item", "item", "item">>
/\ updatesToDo = 6

@!@!@ENDMSG 2217 @!@!@
@!@!@STARTMSG 2217:4 @!@!@
17: <requestUpdate line 74, col 24 to line 79, col 46 of module Untitled>
/\ item_ = [up1 |-> "item", up2 |-> "item"]
/\ canUpdate = 1
/\ printed = 0
/\ pc = [ up1 |-> "releaseUpdate",
  up2 |-> "releaseUpdate",
  get1 |-> "getting",
  get2 |-> "getting" ]
/\ item = [get1 |-> "none", get2 |-> "none"]
/\ queue = <<"item", "item", "item", "item", "item", "item">>
/\ updatesToDo = 6

@!@!@ENDMSG 2217 @!@!@
@!@!@STARTMSG 2217:4 @!@!@
18: <releaseUpdate line 81, col 24 to line 85, col 73 of module Untitled>
/\ item_ = [up1 |-> "item", up2 |-> "item"]
/\ canUpdate = 1
/\ printed = 0
/\ pc = [ up1 |-> "updating",
  up2 |-> "releaseUpdate",
  get1 |-> "getting",
  get2 |-> "getting" ]
/\ item = [get1 |-> "none", get2 |-> "none"]
/\ queue = <<"item", "item", "item", "item", "item", "item">>
/\ updatesToDo = 5

@!@!@ENDMSG 2217 @!@!@
@!@!@STARTMSG 2217:4 @!@!@
19: <updating line 67, col 19 to line 72, col 48 of module Untitled>
/\ item_ = [up1 |-> "item", up2 |-> "item"]
/\ canUpdate = 1
/\ printed = 0
/\ pc = [ up1 |-> "requestUpdate",
  up2 |-> "releaseUpdate",
  get1 |-> "getting",
  get2 |-> "getting" ]
/\ item = [get1 |-> "none", get2 |-> "none"]
/\ queue = <<"item", "item", "item", "item", "item", "item">>
/\ updatesToDo = 5

@!@!@ENDMSG 2217 @!@!@
@!@!@STARTMSG 2217:4 @!@!@
20: <requestUpdate line 74, col 24 to line 79, col 46 of module Untitled>
/\ item_ = [up1 |-> "item", up2 |-> "item"]
/\ canUpdate = 1
/\ printed = 0
/\ pc = [ up1 |-> "releaseUpdate",
  up2 |-> "releaseUpdate",
  get1 |-> "getting",
  get2 |-> "getting" ]
/\ item = [get1 |-> "none", get2 |-> "none"]
/\ queue = <<"item", "item", "item", "item", "item", "item", "item">>
/\ updatesToDo = 5

@!@!@ENDMSG 2217 @!@!@
@!@!@STARTMSG 2217:4 @!@!@
21: <releaseUpdate line 81, col 24 to line 85, col 73 of module Untitled>
/\ item_ = [up1 |-> "item", up2 |-> "item"]
/\ canUpdate = 1
/\ printed = 0
/\ pc = [ up1 |-> "updating",
  up2 |-> "releaseUpdate",
  get1 |-> "getting",
  get2 |-> "getting" ]
/\ item = [get1 |-> "none", get2 |-> "none"]
/\ queue = <<"item", "item", "item", "item", "item", "item", "item">>
/\ updatesToDo = 4

@!@!@ENDMSG 2217 @!@!@
@!@!@STARTMSG 2217:4 @!@!@
22: <updating line 67, col 19 to line 72, col 48 of module Untitled>
/\ item_ = [up1 |-> "item", up2 |-> "item"]
/\ canUpdate = 1
/\ printed = 0
/\ pc = [ up1 |-> "requestUpdate",
  up2 |-> "releaseUpdate",
  get1 |-> "getting",
  get2 |-> "getting" ]
/\ item = [get1 |-> "none", get2 |-> "none"]
/\ queue = <<"item", "item", "item", "item", "item", "item", "item">>
/\ updatesToDo = 4

@!@!@ENDMSG 2217 @!@!@
@!@!@STARTMSG 2217:4 @!@!@
23: <requestUpdate line 74, col 24 to line 79, col 46 of module Untitled>
/\ item_ = [up1 |-> "item", up2 |-> "item"]
/\ canUpdate = 1
/\ printed = 0
/\ pc = [ up1 |-> "releaseUpdate",
  up2 |-> "releaseUpdate",
  get1 |-> "getting",
  get2 |-> "getting" ]
/\ item = [get1 |-> "none", get2 |-> "none"]
/\ queue = <<"item", "item", "item", "item", "item", "item", "item", "item">>
/\ updatesToDo = 4

@!@!@ENDMSG 2217 @!@!@
@!@!@STARTMSG 2217:4 @!@!@
24: <releaseUpdate line 81, col 24 to line 85, col 73 of module Untitled>
/\ item_ = [up1 |-> "item", up2 |-> "item"]
/\ canUpdate = 1
/\ printed = 0
/\ pc = [ up1 |-> "updating",
  up2 |-> "releaseUpdate",
  get1 |-> "getting",
  get2 |-> "getting" ]
/\ item = [get1 |-> "none", get2 |-> "none"]
/\ queue = <<"item", "item", "item", "item", "item", "item", "item", "item">>
/\ updatesToDo = 3

@!@!@ENDMSG 2217 @!@!@
@!@!@STARTMSG 2217:4 @!@!@
25: <updating line 67, col 19 to line 72, col 48 of module Untitled>
/\ item_ = [up1 |-> "item", up2 |-> "item"]
/\ canUpdate = 1
/\ printed = 0
/\ pc = [ up1 |-> "requestUpdate",
  up2 |-> "releaseUpdate",
  get1 |-> "getting",
  get2 |-> "getting" ]
/\ item = [get1 |-> "none", get2 |-> "none"]
/\ queue = <<"item", "item", "item", "item", "item", "item", "item", "item">>
/\ updatesToDo = 3

@!@!@ENDMSG 2217 @!@!@
@!@!@STARTMSG 2217:4 @!@!@
26: <requestUpdate line 74, col 24 to line 79, col 46 of module Untitled>
/\ item_ = [up1 |-> "item", up2 |-> "item"]
/\ canUpdate = 1
/\ printed = 0
/\ pc = [ up1 |-> "releaseUpdate",
  up2 |-> "releaseUpdate",
  get1 |-> "getting",
  get2 |-> "getting" ]
/\ item = [get1 |-> "none", get2 |-> "none"]
/\ queue = <<"item", "item", "item", "item", "item", "item", "item", "item", "item">>
/\ updatesToDo = 3

@!@!@ENDMSG 2217 @!@!@
@!@!@STARTMSG 2217:4 @!@!@
27: <releaseUpdate line 81, col 24 to line 85, col 73 of module Untitled>
/\ item_ = [up1 |-> "item", up2 |-> "item"]
/\ canUpdate = 1
/\ printed = 0
/\ pc = [ up1 |-> "updating",
  up2 |-> "releaseUpdate",
  get1 |-> "getting",
  get2 |-> "getting" ]
/\ item = [get1 |-> "none", get2 |-> "none"]
/\ queue = <<"item", "item", "item", "item", "item", "item", "item", "item", "item">>
/\ updatesToDo = 2

@!@!@ENDMSG 2217 @!@!@
@!@!@STARTMSG 2217:4 @!@!@
28: <updating line 67, col 19 to line 72, col 48 of module Untitled>
/\ item_ = [up1 |-> "item", up2 |-> "item"]
/\ canUpdate = 1
/\ printed = 0
/\ pc = [ up1 |-> "requestUpdate",
  up2 |-> "releaseUpdate",
  get1 |-> "getting",
  get2 |-> "getting" ]
/\ item = [get1 |-> "none", get2 |-> "none"]
/\ queue = <<"item", "item", "item", "item", "item", "item", "item", "item", "item">>
/\ updatesToDo = 2

@!@!@ENDMSG 2217 @!@!@
@!@!@STARTMSG 2217:4 @!@!@
29: <releaseUpdate line 81, col 24 to line 85, col 73 of module Untitled>
/\ item_ = [up1 |-> "item", up2 |-> "item"]
/\ canUpdate = 1
/\ printed = 0
/\ pc = [ up1 |-> "requestUpdate",
  up2 |-> "updating",
  get1 |-> "getting",
  get2 |-> "getting" ]
/\ item = [get1 |-> "none", get2 |-> "none"]
/\ queue = <<"item", "item", "item", "item", "item", "item", "item", "item", "item">>
/\ updatesToDo = 1

@!@!@ENDMSG 2217 @!@!@
@!@!@STARTMSG 2217:4 @!@!@
30: <requestUpdate line 74, col 24 to line 79, col 46 of module Untitled>
/\ item_ = [up1 |-> "item", up2 |-> "item"]
/\ canUpdate = 1
/\ printed = 0
/\ pc = [ up1 |-> "releaseUpdate",
  up2 |-> "updating",
  get1 |-> "getting",
  get2 |-> "getting" ]
/\ item = [get1 |-> "none", get2 |-> "none"]
/\ queue = << "item",
   "item",
   "item",
   "item",
   "item",
   "item",
   "item",
   "item",
   "item",
   "item" >>
/\ updatesToDo = 1

@!@!@ENDMSG 2217 @!@!@
@!@!@STARTMSG 2217:4 @!@!@
31: <releaseUpdate line 81, col 24 to line 85, col 73 of module Untitled>
/\ item_ = [up1 |-> "item", up2 |-> "item"]
/\ canUpdate = 1
/\ printed = 0
/\ pc = [up1 |-> "updating", up2 |-> "updating", get1 |-> "getting", get2 |-> "getting"]
/\ item = [get1 |-> "none", get2 |-> "none"]
/\ queue = << "item",
   "item",
   "item",
   "item",
   "item",
   "item",
   "item",
   "item",
   "item",
   "item" >>
/\ updatesToDo = 0

@!@!@ENDMSG 2217 @!@!@
@!@!@STARTMSG 2217:4 @!@!@
32: <updating line 67, col 19 to line 72, col 48 of module Untitled>
/\ item_ = [up1 |-> "item", up2 |-> "item"]
/\ canUpdate = 1
/\ printed = 0
/\ pc = [up1 |-> "Done", up2 |-> "updating", get1 |-> "getting", get2 |-> "getting"]
/\ item = [get1 |-> "none", get2 |-> "none"]
/\ queue = << "item",
   "item",
   "item",
   "item",
   "item",
   "item",
   "item",
   "item",
   "item",
   "item" >>
/\ updatesToDo = 0

@!@!@ENDMSG 2217 @!@!@
@!@!@STARTMSG 2217:4 @!@!@
33: <updating line 67, col 19 to line 72, col 48 of module Untitled>
/\ item_ = [up1 |-> "item", up2 |-> "item"]
/\ canUpdate = 1
/\ printed = 0
/\ pc = [up1 |-> "Done", up2 |-> "Done", get1 |-> "getting", get2 |-> "getting"]
/\ item = [get1 |-> "none", get2 |-> "none"]
/\ queue = << "item",
   "item",
   "item",
   "item",
   "item",
   "item",
   "item",
   "item",
   "item",
   "item" >>
/\ updatesToDo = 0

@!@!@ENDMSG 2217 @!@!@
@!@!@STARTMSG 2217:4 @!@!@
34: <getting line 90, col 18 to line 93, col 40 of module Untitled>
/\ item_ = [up1 |-> "item", up2 |-> "item"]
/\ canUpdate = 1
/\ printed = 0
/\ pc = [up1 |-> "Done", up2 |-> "Done", get1 |-> "requestGet", get2 |-> "getting"]
/\ item = [get1 |-> "none", get2 |-> "none"]
/\ queue = << "item",
   "item",
   "item",
   "item",
   "item",
   "item",
   "item",
   "item",
   "item",
   "item" >>
/\ updatesToDo = 0

@!@!@ENDMSG 2217 @!@!@
@!@!@STARTMSG 2217:4 @!@!@
35: <getting line 90, col 18 to line 93, col 40 of module Untitled>
/\ item_ = [up1 |-> "item", up2 |-> "item"]
/\ canUpdate = 1
/\ printed = 0
/\ pc = [up1 |-> "Done", up2 |-> "Done", get1 |-> "requestGet", get2 |-> "requestGet"]
/\ item = [get1 |-> "none", get2 |-> "none"]
/\ queue = << "item",
   "item",
   "item",
   "item",
   "item",
   "item",
   "item",
   "item",
   "item",
   "item" >>
/\ updatesToDo = 0

@!@!@ENDMSG 2217 @!@!@
@!@!@STARTMSG 2201:0 @!@!@
The coverage statistics at 2021-04-06 09:11:16
@!@!@ENDMSG 2201 @!@!@
@!@!@STARTMSG 2773:0 @!@!@
<Init line 55, col 1 to line 55, col 4 of module Untitled>: 2:2
@!@!@ENDMSG 2773 @!@!@
@!@!@STARTMSG 2221:0 @!@!@
  line 56, col 9 to line 65, col 84 of module Untitled: 2
@!@!@ENDMSG 2221 @!@!@
@!@!@STARTMSG 2772:0 @!@!@
<updating line 67, col 1 to line 67, col 14 of module Untitled>: 142:849
@!@!@ENDMSG 2772 @!@!@
@!@!@STARTMSG 2221:0 @!@!@
  line 67, col 22 to line 67, col 42 of module Untitled: 3313
@!@!@ENDMSG 2221 @!@!@
@!@!@STARTMSG 2221:0 @!@!@
  |line 67, col 22 to line 67, col 29 of module Untitled: 2464
@!@!@ENDMSG 2221 @!@!@
@!@!@STARTMSG 2221:0 @!@!@
  line 68, col 25 to line 68, col 39 of module Untitled: 849
@!@!@ENDMSG 2221 @!@!@
@!@!@STARTMSG 2221:0 @!@!@
  line 69, col 30 to line 69, col 75 of module Untitled: 751
@!@!@ENDMSG 2221 @!@!@
@!@!@STARTMSG 2221:0 @!@!@
  line 70, col 30 to line 70, col 66 of module Untitled: 98
@!@!@ENDMSG 2221 @!@!@
@!@!@STARTMSG 2221:0 @!@!@
  line 71, col 22 to line 72, col 48 of module Untitled: 849
@!@!@ENDMSG 2221 @!@!@
@!@!@STARTMSG 2772:0 @!@!@
<requestUpdate line 74, col 1 to line 74, col 19 of module Untitled>: 139:766
@!@!@ENDMSG 2772 @!@!@
@!@!@STARTMSG 2221:0 @!@!@
  line 74, col 27 to line 74, col 52 of module Untitled: 3218
@!@!@ENDMSG 2221 @!@!@
@!@!@STARTMSG 2221:0 @!@!@
  |line 74, col 27 to line 74, col 34 of module Untitled: 2452
@!@!@ENDMSG 2221 @!@!@
@!@!@STARTMSG 2221:0 @!@!@
  line 75, col 27 to line 75, col 39 of module Untitled: 1552
@!@!@ENDMSG 2221 @!@!@
@!@!@STARTMSG 2221:0 @!@!@
  |line 75, col 27 to line 75, col 35 of module Untitled: 786
@!@!@ENDMSG 2221 @!@!@
@!@!@STARTMSG 2221:0 @!@!@
  line 76, col 27 to line 76, col 61 of module Untitled: 766
@!@!@ENDMSG 2221 @!@!@
@!@!@STARTMSG 2221:0 @!@!@
  line 77, col 27 to line 77, col 69 of module Untitled: 766
@!@!@ENDMSG 2221 @!@!@
@!@!@STARTMSG 2221:0 @!@!@
  line 78, col 27 to line 79, col 46 of module Untitled: 766
@!@!@ENDMSG 2221 @!@!@
@!@!@STARTMSG 2772:0 @!@!@
<releaseUpdate line 81, col 1 to line 81, col 19 of module Untitled>: 177:750
@!@!@ENDMSG 2772 @!@!@
@!@!@STARTMSG 2221:0 @!@!@
  line 81, col 27 to line 81, col 52 of module Untitled: 3192
@!@!@ENDMSG 2221 @!@!@
@!@!@STARTMSG 2221:0 @!@!@
  |line 81, col 27 to line 81, col 34 of module Untitled: 2442
@!@!@ENDMSG 2221 @!@!@
@!@!@STARTMSG 2221:0 @!@!@
  line 82, col 27 to line 82, col 71 of module Untitled: 750
@!@!@ENDMSG 2221 @!@!@
@!@!@STARTMSG 2221:0 @!@!@
  line 83, col 27 to line 83, col 56 of module Untitled: 750
@!@!@ENDMSG 2221 @!@!@
@!@!@STARTMSG 2221:0 @!@!@
  line 84, col 27 to line 84, col 64 of module Untitled: 750
@!@!@ENDMSG 2221 @!@!@
@!@!@STARTMSG 2221:0 @!@!@
  line 85, col 27 to line 85, col 73 of module Untitled: 750
@!@!@ENDMSG 2221 @!@!@
@!@!@STARTMSG 2772:0 @!@!@
<getting line 90, col 1 to line 90, col 13 of module Untitled>: 757:1030
@!@!@ENDMSG 2772 @!@!@
@!@!@STARTMSG 2221:0 @!@!@
  line 90, col 21 to line 90, col 40 of module Untitled: 3457
@!@!@ENDMSG 2221 @!@!@
@!@!@STARTMSG 2221:0 @!@!@
  |line 90, col 21 to line 90, col 28 of module Untitled: 2427
@!@!@ENDMSG 2221 @!@!@
@!@!@STARTMSG 2221:0 @!@!@
  line 91, col 21 to line 91, col 60 of module Untitled: 1030
@!@!@ENDMSG 2221 @!@!@
@!@!@STARTMSG 2221:0 @!@!@
  line 92, col 21 to line 93, col 40 of module Untitled: 1030
@!@!@ENDMSG 2221 @!@!@
@!@!@STARTMSG 2772:0 @!@!@
<requestGet line 95, col 1 to line 95, col 16 of module Untitled>: 13:48
@!@!@ENDMSG 2772 @!@!@
@!@!@STARTMSG 2221:0 @!@!@
  line 95, col 24 to line 95, col 46 of module Untitled: 2473
@!@!@ENDMSG 2221 @!@!@
@!@!@STARTMSG 2221:0 @!@!@
  |line 95, col 24 to line 95, col 31 of module Untitled: 2425
@!@!@ENDMSG 2221 @!@!@
@!@!@STARTMSG 2221:0 @!@!@
  line 96, col 24 to line 96, col 35 of module Untitled: 1051
@!@!@ENDMSG 2221 @!@!@
@!@!@STARTMSG 2221:0 @!@!@
  |line 96, col 24 to line 96, col 28 of module Untitled: 1003
@!@!@ENDMSG 2221 @!@!@
@!@!@STARTMSG 2221:0 @!@!@
  |line 96, col 32 to line 96, col 35 of module Untitled: 1003
@!@!@ENDMSG 2221 @!@!@
@!@!@STARTMSG 2221:0 @!@!@
  line 97, col 24 to line 97, col 37 of module Untitled: 48
@!@!@ENDMSG 2221 @!@!@
@!@!@STARTMSG 2221:0 @!@!@
  line 98, col 24 to line 98, col 35 of module Untitled: 48
@!@!@ENDMSG 2221 @!@!@
@!@!@STARTMSG 2221:0 @!@!@
  line 99, col 24 to line 99, col 63 of module Untitled: 48
@!@!@ENDMSG 2221 @!@!@
@!@!@STARTMSG 2221:0 @!@!@
  line 100, col 24 to line 100, col 70 of module Untitled: 48
@!@!@ENDMSG 2221 @!@!@
@!@!@STARTMSG 2772:0 @!@!@
<releaseGet line 102, col 1 to line 102, col 16 of module Untitled>: 16:394
@!@!@ENDMSG 2772 @!@!@
@!@!@STARTMSG 2221:0 @!@!@
  line 102, col 24 to line 102, col 46 of module Untitled: 2819
@!@!@ENDMSG 2221 @!@!@
@!@!@STARTMSG 2221:0 @!@!@
  |line 102, col 24 to line 102, col 31 of module Untitled: 2425
@!@!@ENDMSG 2221 @!@!@
@!@!@STARTMSG 2221:0 @!@!@
  line 103, col 24 to line 103, col 37 of module Untitled: 394
@!@!@ENDMSG 2221 @!@!@
@!@!@STARTMSG 2221:0 @!@!@
  line 104, col 24 to line 104, col 60 of module Untitled: 394
@!@!@ENDMSG 2221 @!@!@
@!@!@STARTMSG 2221:0 @!@!@
  line 105, col 24 to line 105, col 79 of module Untitled: 394
@!@!@ENDMSG 2221 @!@!@
@!@!@STARTMSG 2202:0 @!@!@
End of statistics.
@!@!@ENDMSG 2202 @!@!@
@!@!@STARTMSG 2200:0 @!@!@
Progress(38) at 2021-04-06 09:11:16: 3.801 states generated (49.524 s/min), 1.245 distinct states found (16.221 ds/min), 33 states left on queue.
@!@!@ENDMSG 2200 @!@!@
@!@!@STARTMSG 2199:0 @!@!@
3801 states generated, 1245 distinct states found, 33 states left on queue.
@!@!@ENDMSG 2199 @!@!@
@!@!@STARTMSG 2194:0 @!@!@
The depth of the complete state graph search is 38.
@!@!@ENDMSG 2194 @!@!@
@!@!@STARTMSG 2268:0 @!@!@
The average outdegree of the complete state graph is 1 (minimum is 0, the maximum 4 and the 95th percentile is 4).
@!@!@ENDMSG 2268 @!@!@
@!@!@STARTMSG 2186:0 @!@!@
Finished in 4618ms at (2021-04-06 09:11:17)
@!@!@ENDMSG 2186 @!@!@
